0 0 0
1 1.00049 0.0024571
2 1.4076 0.00564502
3 1.72042 0.00755413
4 1.98831 0.00956375
5 2.22617 0.0112179
6 2.45401 0.0119656
7 2.63483 0.012588
8 2.84812 0.0144356
9 3.00581 0.013595
10 3.17061 0.018083
11 3.34552 0.0173982
12 3.45546 0.0182471
13 3.55653 0.0206545
14 3.73017 0.0210483
15 3.84731 0.0200737
16 4.01988 0.0200025
17 4.0983 0.0229413
18 4.25419 0.0222287
19 4.3186 0.0224061
20 4.48726 0.0240245
21 4.59461 0.0230936
22 4.65659 0.0246097
23 4.80152 0.0279904
24 4.95102 0.0225158
25 5.02871 0.0263157
26 5.09411 0.027079
27 5.24872 0.0273287
28 5.27187 0.0247265
29 5.35425 0.0298612
30 5.4608 0.0294855
31 5.57609 0.0273001
32 5.67454 0.0303685
33 5.72184 0.0309044
34 5.83895 0.0355622
35 5.9359 0.0305684
36 6.01286 0.0300127
37 6.02679 0.0365689
38 6.19504 0.0374955
39 6.26292 0.0360611
40 6.29971 0.0314732
41 6.37829 0.0344194
42 6.45243 0.0345601
43 6.59428 0.0342553
44 6.57545 0.0351453
45 6.70628 0.0397652
46 6.73004 0.0414025
47 6.84159 0.0377297
48 6.87863 0.0350406
49 7.01207 0.037346
50 7.06293 0.037983
51 7.11921 0.0370124
52 7.29508 0.0439144
53 7.26789 0.0440544
54 7.29894 0.0403065
55 7.42614 0.0384994
56 7.52338 0.0428766
57 7.50238 0.0386371
58 7.61389 0.0405334
59 7.6614 0.0446674
60 7.80193 0.0442453
61 7.85901 0.0404015
62 7.88055 0.0381611
63 7.85242 0.0396116
64 7.95497 0.0415441
65 8.06095 0.0401483
66 8.15218 0.04614
67 8.17052 0.0415243
68 8.2477 0.0469955
69 8.29767 0.0481127
70 8.38122 0.0489324
71 8.36512 0.0470313
72 8.42805 0.0453307
73 8.58134 0.0427302
74 8.63021 0.0447894
75 8.69317 0.0444312
76 8.7082 0.0473561
77 8.75454 0.0468728
78 8.86852 0.0489732
79 8.85175 0.0489567
80 8.83326 0.0511905
81 9.01443 0.0486626
82 9.11343 0.0426958
83 9.05531 0.0540333
84 9.16904 0.0512053
85 9.16107 0.0497829
86 9.294 0.0449259
87 9.3423 0.0470965
88 9.44232 0.0524348
89 9.41654 0.0543514
90 9.46938 0.0531482
91 9.48012 0.0494459
92 9.58681 0.0527948
93 9.6834 0.0481609
94 9.6381 0.0530958
95 9.70457 0.0554466
96 9.64799 0.0484751
97 9.79518 0.0573732
98 9.84824 0.0529598
99 10.0172 0.0560097
