1 1.00006 0
2 0.999956 7.02945e-05
3 0.999988 5.365e-05
4 0.999932 6.2751e-05
5 0.99992 5.14545e-05
6 0.999953 5.23491e-05
7 0.999972 4.84663e-05
8 1 5.20405e-05
9 1 4.62706e-05
10 1.00001 4.18136e-05
11 0.999982 4.5104e-05
12 0.999988 4.17609e-05
13 0.999978 3.98038e-05
14 0.999968 3.81553e-05
15 0.999963 3.59537e-05
16 0.999969 3.43039e-05
17 0.999988 3.67401e-05
18 0.999983 3.49906e-05
19 0.999989 3.36244e-05
20 0.999981 3.27415e-05
21 0.999982 3.11898e-05
22 0.999982 2.97753e-05
23 0.999988 2.89095e-05
24 0.999997 2.93201e-05
25 1.00001 2.93288e-05
26 1.00001 2.82819e-05
27 1.00001 2.72525e-05
28 1.00002 2.74858e-05
29 1.00001 2.65435e-05
30 1.00002 2.57682e-05
31 1.00002 2.50111e-05
32 1.00002 2.42376e-05
33 1.00002 2.42394e-05
34 1.00002 2.36087e-05
35 1.00002 2.294e-05
36 1.00002 2.2373e-05
37 1.00003 2.19086e-05
38 1.00003 2.14746e-05
39 1.00003 2.11622e-05
40 1.00003 2.07239e-05
41 1.00003 2.04918e-05
42 1.00004 2.05739e-05
43 1.00004 2.00955e-05
44 1.00004 1.97271e-05
45 1.00003 1.98587e-05
46 1.00003 1.98031e-05
47 1.00003 1.95028e-05
48 1.00002 1.94742e-05
49 1.00002 1.95236e-05
50 1.00002 1.91361e-05
51 1.00002 1.89783e-05
52 1.00002 1.90008e-05
53 1.00002 1.8647e-05
54 1.00002 1.83822e-05
55 1.00002 1.8117e-05
56 1.00002 1.78911e-05
57 1.00002 1.76378e-05
58 1.00002 1.73943e-05
59 1.00001 1.73598e-05
60 1.00001 1.70706e-05
61 1.00001 1.6806e-05
62 1.00001 1.65839e-05
63 1.00001 1.63534e-05
64 1.00001 1.65892e-05
65 1.00001 1.63488e-05
66 1.00001 1.62369e-05
67 1.00001 1.60804e-05
68 1.00001 1.58759e-05
69 1.00001 1.57356e-05
70 1.00001 1.55108e-05
71 1.00001 1.56897e-05
72 1.00001 1.54812e-05
73 1.00002 1.54353e-05
74 1.00002 1.52446e-05
75 1.00002 1.55494e-05
76 1.00002 1.53744e-05
77 1.00002 1.52617e-05
78 1.00002 1.51347e-05
79 1.00002 1.49432e-05
80 1.00001 1.49396e-05
81 1.00002 1.4805e-05
82 1.00001 1.46897e-05
83 1.00001 1.4634e-05
84 1.00001 1.45228e-05
85 1.00001 1.44624e-05
86 1.00001 1.43368e-05
87 1.00002 1.44985e-05
88 1.00002 1.43374e-05
89 1.00001 1.45427e-05
90 1.00001 1.43898e-05
91 1.00001 1.42318e-05
92 1.00001 1.40789e-05
93 1.00001 1.4114e-05
94 1.00001 1.39649e-05
95 1.00001 1.38345e-05
96 1.00001 1.36993e-05
97 1.00001 1.3601e-05
98 1.00001 1.34696e-05
99 1.00001 1.33508e-05
100 1.00001 1.32227e-05
