1 0.99971 0
2 1.00014 0.00030248
3 1.00009 0.000205964
4 1.00024 0.000205532
5 1.00027 0.000165761
6 1.00014 0.000177586
7 1.00008 0.000163646
8 0.999967 0.000177448
9 0.999984 0.000158463
10 0.999975 0.000142829
11 1.00007 0.000158933
12 1.00006 0.000146391
13 1.0001 0.000140548
14 1.00013 0.000133841
15 1.00015 0.000126179
16 1.00012 0.000121953
17 1.00005 0.000129353
18 1.00007 0.000123168
19 1.00006 0.000117102
20 1.00009 0.000114563
21 1.00009 0.000109175
22 1.00009 0.000104229
23 1.00007 0.000101374
24 1.00003 0.000103759
25 1.00001 0.000103539
26 0.999991 0.000100466
27 0.999998 9.69368e-05
28 0.999967 9.80739e-05
29 0.999968 9.46959e-05
30 0.999957 9.21748e-05
31 0.999962 8.93434e-05
32 0.999959 8.66223e-05
33 0.999933 8.77228e-05
34 0.999924 8.55946e-05
35 0.999927 8.32135e-05
36 0.999922 8.11012e-05
37 0.999913 7.93935e-05
38 0.999899 7.84737e-05
39 0.999913 7.76804e-05
40 0.999906 7.60404e-05
41 0.999895 7.50129e-05
42 0.999876 7.56729e-05
43 0.999879 7.40073e-05
44 0.999871 7.27468e-05
45 0.999889 7.31224e-05
46 0.999904 7.32253e-05
47 0.99991 7.19003e-05
48 0.999924 7.17145e-05
49 0.99994 7.18894e-05
50 0.99994 7.0452e-05
51 0.999948 6.95848e-05
52 0.999932 7.01909e-05
53 0.99993 6.88877e-05
54 0.999936 6.79091e-05
55 0.99993 6.69483e-05
56 0.999937 6.60734e-05
57 0.999944 6.52699e-05
58 0.999948 6.42737e-05
59 0.999958 6.40557e-05
60 0.999957 6.29983e-05
61 0.999954 6.20477e-05
62 0.99995 6.12015e-05
63 0.999955 6.04257e-05
64 0.999972 6.19101e-05
65 0.99997 6.09935e-05
66 0.999961 6.06298e-05
67 0.999968 6.00484e-05
68 0.999965 5.92425e-05
69 0.99997 5.85876e-05
70 0.999969 5.77534e-05
71 0.999958 5.79706e-05
72 0.999961 5.72287e-05
73 0.999953 5.7042e-05
74 0.99995 5.63402e-05
75 0.999935 5.73694e-05
76 0.99994 5.67968e-05
77 0.999948 5.65898e-05
78 0.999954 5.61558e-05
79 0.999953 5.54456e-05
80 0.999964 5.57411e-05
81 0.999959 5.52529e-05
82 0.999963 5.47548e-05
83 0.999973 5.48655e-05
84 0.999978 5.44786e-05
85 0.999971 5.42721e-05
86 0.999968 5.37547e-05
87 0.999956 5.44802e-05
88 0.999957 5.38875e-05
89 0.99997 5.47563e-05
90 0.999968 5.41771e-05
91 0.999968 5.35821e-05
92 0.999968 5.30006e-05
93 0.999977 5.31298e-05
94 0.999976 5.25775e-05
95 0.999978 5.21025e-05
96 0.99998 5.15739e-05
97 0.999985 5.13121e-05
98 0.999983 5.08145e-05
99 0.999985 5.03287e-05
100 0.999983 4.98505e-05
