1 3.14119 0
2 3.14193 0.000522267
3 3.14185 0.000353123
4 3.14193 0.000272084
5 3.14093 0.000913557
6 3.14129 0.000827744
7 3.14143 0.000720733
8 3.1416 0.000650234
9 3.14166 0.000580999
10 3.14148 0.000550544
11 3.1417 0.000545343
12 3.14192 0.000540564
13 3.14194 0.00049925
14 3.14176 0.000494049
15 3.14183 0.000466075
16 3.14169 0.000457183
17 3.14162 0.000435731
18 3.14169 0.000416576
19 3.1417 0.000394845
20 3.14168 0.000375368
21 3.14168 0.000357537
22 3.14172 0.000343753
23 3.14181 0.000339542
24 3.14186 0.000329569
25 3.14178 0.000325024
26 3.14183 0.000315467
27 3.14171 0.000324496
28 3.14173 0.000313419
29 3.14163 0.000318138
30 3.14155 0.000318302
31 3.14157 0.000308779
32 3.14154 0.000300624
33 3.14153 0.000291568
34 3.14145 0.000295611
35 3.14143 0.000287401
36 3.1414 0.00028145
37 3.14146 0.000280764
38 3.14158 0.000295492
39 3.14145 0.00031197
40 3.14145 0.000304193
41 3.14147 0.000297217
42 3.14149 0.000291032
43 3.14146 0.000285619
44 3.14151 0.000282776
45 3.14151 0.0002765
46 3.14149 0.000270957
47 3.14149 0.000265309
48 3.14146 0.000260672
49 3.14147 0.000255379
50 3.14146 0.000250331
51 3.1415 0.000248204
52 3.14149 0.000243596
53 3.14154 0.000244151
54 3.14151 0.000242258
55 3.14153 0.000239145
56 3.14154 0.000235274
57 3.14157 0.000232373
58 3.1416 0.00023072
59 3.14162 0.000227806
60 3.14162 0.000224011
61 3.1416 0.000221353
62 3.14159 0.000218218
63 3.14156 0.000217202
64 3.14155 0.000214031
65 3.14153 0.000211248
66 3.14156 0.000210499
67 3.14155 0.000207719
68 3.14154 0.000205224
69 3.14151 0.000203539
70 3.14151 0.000200654
71 3.14148 0.000199571
72 3.14147 0.000197032
73 3.14146 0.000194585
74 3.1415 0.000195302
75 3.14148 0.000193643
76 3.14146 0.000191914
77 3.14144 0.000190834
78 3.14142 0.000189277
79 3.14143 0.000187255
80 3.14142 0.000185496
81 3.14142 0.000183226
82 3.1414 0.000182334
83 3.14141 0.000180623
84 3.14139 0.000179731
85 3.14143 0.00018116
86 3.14148 0.000186666
87 3.14145 0.000187101
88 3.14144 0.000185024
89 3.14143 0.000183831
90 3.14144 0.000182197
91 3.14147 0.000183404
92 3.14145 0.000182595
93 3.14145 0.00018064
94 3.14145 0.000178734
95 3.14148 0.000180224
96 3.14147 0.000178536
97 3.14148 0.000176885
98 3.14147 0.000175677
99 3.14149 0.000175048
100 3.14148 0.000173368
