1 0.0810206 0
2 0.0814995 0.000338644
3 0.080936 0.000512494
4 0.0820545 0.00104218
5 0.0818644 0.000850919
6 0.0823653 0.000843777
7 0.0822756 0.000727989
8 0.0820956 0.000658873
9 0.0819131 0.000610426
10 0.0817382 0.000573892
11 0.0818332 0.000529534
12 0.0823194 0.000672515
13 0.082412 0.000627123
14 0.0824292 0.000582566
15 0.0827127 0.000608795
16 0.0827294 0.000570975
17 0.0828671 0.000553734
18 0.082899 0.000523892
19 0.0829506 0.000498854
20 0.0830566 0.000485042
21 0.0831223 0.000466367
22 0.0829903 0.000463474
23 0.0831362 0.000465723
24 0.0831446 0.000446394
25 0.083171 0.000429319
26 0.083214 0.000414952
27 0.0830749 0.000422253
28 0.0831087 0.000408524
29 0.0831219 0.000394649
30 0.0830711 0.000384748
31 0.0830582 0.000372553
32 0.0831143 0.000365114
33 0.0830243 0.000364979
34 0.0829566 0.000360466
35 0.0829444 0.000350375
36 0.0829408 0.000340661
37 0.0829396 0.000331456
38 0.0829284 0.00032292
39 0.0829476 0.00031521
40 0.0830261 0.00031695
41 0.0829796 0.000312618
42 0.0830267 0.000308705
43 0.082993 0.000303362
44 0.0830112 0.000297016
45 0.0830511 0.000293085
46 0.0831244 0.000295729
47 0.0830843 0.00029214
48 0.0831236 0.000288681
49 0.0831382 0.000283161
50 0.083068 0.000286063
51 0.0831724 0.00029889
52 0.0831662 0.000293206
53 0.0830628 0.000305383
54 0.0830073 0.000304715
55 0.082963 0.000302384
56 0.0829889 0.000298093
57 0.0830252 0.000295064
58 0.0829788 0.000293601
59 0.0829579 0.000289372
60 0.0829207 0.000286932
61 0.0829359 0.000282634
62 0.0830455 0.000298562
63 0.0830359 0.000293975
64 0.083042 0.000289444
65 0.0830815 0.000287683
66 0.0830836 0.000283332
67 0.0830352 0.000283207
68 0.083102 0.000286808
69 0.0830858 0.000283107
70 0.0830646 0.000279858
71 0.0830818 0.000276448
72 0.0831353 0.000277734
73 0.0831432 0.000274043
74 0.0831983 0.000275822
75 0.0832277 0.000273706
76 0.0832661 0.000272782
77 0.0832598 0.000269311
78 0.0832346 0.000267036
79 0.0832928 0.000269925
80 0.0832733 0.000267258
81 0.0833244 0.0002688
82 0.0833596 0.000267819
83 0.0834029 0.000268077
84 0.0833918 0.000265116
85 0.083346 0.000265924
86 0.0832998 0.000266809
87 0.0832633 0.000266238
88 0.0832272 0.000265637
89 0.0832819 0.000268219
90 0.0833072 0.000266431
91 0.0833105 0.000263524
92 0.0832839 0.000262002
93 0.0832874 0.00025921
94 0.0832992 0.000256719
95 0.0833145 0.000254473
96 0.0833144 0.000251822
97 0.0833519 0.000252003
98 0.0833989 0.000253762
99 0.0833895 0.000251371
100 0.0833983 0.000249011
