1 0.495471 0
2 0.495544 5.10233e-05
3 0.49978 0.0034594
4 0.500166 0.00261593
5 0.49894 0.00236247
6 0.499321 0.00199924
7 0.500293 0.00193528
8 0.500997 0.00181702
9 0.501375 0.00165403
10 0.501391 0.0014887
11 0.501209 0.00136447
12 0.500443 0.00144951
13 0.499361 0.00169462
14 0.498816 0.00165894
15 0.497739 0.00186555
16 0.497239 0.00181474
17 0.496794 0.00176157
18 0.496929 0.00166885
19 0.49714 0.00159436
20 0.498055 0.00175765
21 0.498082 0.00167414
22 0.49855 0.0016622
23 0.498769 0.00160433
24 0.499648 0.00176174
25 0.499429 0.00170477
26 0.49945 0.00163933
27 0.499352 0.0015815
28 0.499582 0.00154157
29 0.499462 0.00149304
30 0.499484 0.00144344
31 0.500111 0.00152688
32 0.500807 0.00162999
33 0.501001 0.00159218
34 0.500591 0.00159735
35 0.501089 0.00162753
36 0.500758 0.00161559
37 0.500836 0.00157376
38 0.501083 0.00155175
39 0.501353 0.00153525
40 0.500886 0.00156637
41 0.500702 0.00153897
42 0.500601 0.00150563
43 0.50076 0.00147902
44 0.500662 0.00144868
45 0.50051 0.00142442
46 0.50048 0.00139377
47 0.500436 0.00136482
48 0.500449 0.00133646
49 0.500397 0.0013102
50 0.500461 0.00128558
51 0.500326 0.00126746
52 0.500121 0.00125959
53 0.499992 0.00124242
54 0.500231 0.00124225
55 0.500089 0.00122779
56 0.500207 0.00121156
57 0.50015 0.00119165
58 0.500097 0.00117228
59 0.500115 0.00115254
60 0.499964 0.00114314
61 0.500111 0.00113384
62 0.499984 0.00112263
63 0.499825 0.00111603
64 0.499985 0.00111006
65 0.50003 0.00109386
66 0.500048 0.00107745
67 0.500106 0.00106291
68 0.500085 0.00104749
69 0.499982 0.00103734
70 0.499926 0.00102407
71 0.499944 0.00100981
72 0.49979 0.00100744
73 0.499629 0.00100639
74 0.499759 0.00100108
75 0.499995 0.00101513
76 0.499955 0.00100254
77 0.49982 0.000998619
78 0.4999 0.000988981
79 0.499737 0.000989806
80 0.499585 0.000988995
81 0.499562 0.000977055
82 0.499435 0.000973284
83 0.499438 0.000961563
84 0.499169 0.000987201
85 0.499029 0.00098545
86 0.498991 0.000974716
87 0.498996 0.000963524
88 0.499012 0.00095271
89 0.499097 0.000945751
90 0.499202 0.000941084
91 0.49923 0.000931179
92 0.499225 0.000921073
93 0.499291 0.000913496
94 0.499459 0.000919187
95 0.499554 0.000914433
96 0.499359 0.000925614
97 0.499442 0.000919806
98 0.499472 0.000910919
99 0.499607 0.00091164
100 0.499553 0.000904112
