1 5.36501 0
2 5.35546 0.00675273
3 5.47556 0.0981648
4 5.0364 0.387386
5 5.29313 0.385711
6 5.06659 0.382208
7 5.19988 0.350078
8 5.2164 0.306708
9 5.32165 0.290125
10 5.35779 0.263354
11 5.46563 0.260561
12 5.53735 0.248521
13 5.50058 0.232108
14 5.57073 0.225882
15 5.53071 0.214339
16 5.45858 0.212734
17 5.42995 0.202138
18 5.39245 0.194355
19 5.38147 0.184436
20 5.37503 0.175326
21 5.36576 0.167222
22 5.36627 0.159622
23 5.3705 0.152738
24 5.37589 0.146469
25 5.36163 0.141303
26 5.29237 0.151897
27 5.32562 0.149866
28 5.32393 0.144523
29 5.34818 0.14156
30 5.3863 0.14188
31 5.34774 0.142446
32 5.34564 0.13801
33 5.36494 0.135171
34 5.38846 0.133225
35 5.42567 0.134516
36 5.39811 0.133574
37 5.37876 0.131357
38 5.40446 0.130392
39 5.38559 0.128407
40 5.39856 0.12585
41 5.38324 0.123709
42 5.40844 0.123305
43 5.40288 0.120563
44 5.37256 0.121574
45 5.36587 0.119057
46 5.37126 0.116591
47 5.38978 0.115571
48 5.35831 0.117369
49 5.34343 0.115913
50 5.34402 0.113596
51 5.36701 0.11367
52 5.38914 0.113619
53 5.42324 0.116481
54 5.40308 0.116055
55 5.42355 0.115735
56 5.43461 0.114196
57 5.43006 0.112283
58 5.42072 0.110735
59 5.43917 0.110385
60 5.4439 0.108646
61 5.43362 0.10735
62 5.43738 0.105684
63 5.43494 0.104035
64 5.44897 0.10335
65 5.44701 0.101779
66 5.4352 0.10092
67 5.4431 0.0997223
68 5.44368 0.0982575
69 5.43087 0.0976653
70 5.43324 0.0962988
71 5.43986 0.0951699
72 5.45056 0.094448
73 5.44185 0.0935558
74 5.45708 0.0935232
75 5.46828 0.0929446
76 5.47146 0.0917763
77 5.47675 0.0907367
78 5.47691 0.0895736
79 5.4637 0.0894087
80 5.44142 0.0910244
81 5.43447 0.0901655
82 5.40909 0.0925713
83 5.40899 0.091456
84 5.41615 0.0906471
85 5.41851 0.0896113
86 5.41282 0.0887494
87 5.4116 0.0877378
88 5.40979 0.0867593
89 5.41208 0.0858147
90 5.40555 0.0851093
91 5.41633 0.084854
92 5.44016 0.0872141
93 5.43068 0.0867908
94 5.42701 0.085945
95 5.43622 0.0855329
96 5.44597 0.0851959
97 5.47377 0.0887351
98 5.50567 0.0933888
99 5.50615 0.0924468
100 5.50896 0.0915647
