1 16.0063 0
2 14.6099 0.987461
3 15.6812 1.0948
4 15.9062 0.843889
5 16.0624 0.68942
6 16.2801 0.607932
7 16.4035 0.533459
8 16.2472 0.489135
9 16.2008 0.436983
10 15.9862 0.442872
11 16.1001 0.416997
12 16.143 0.384455
13 16.1038 0.356877
14 16.1675 0.337015
15 15.8857 0.415953
16 15.7753 0.404346
17 15.7712 0.380582
18 15.6005 0.395872
19 15.6846 0.383865
20 15.4121 0.451145
21 15.5483 0.449759
22 15.4497 0.440009
23 15.3908 0.424801
24 15.3831 0.40717
25 15.2535 0.410994
26 15.1928 0.399642
27 15.0911 0.39757
28 15.0943 0.383384
29 15.1807 0.379784
30 15.095 0.376671
31 15.039 0.368663
32 14.9841 0.361208
33 14.9294 0.354386
34 14.8846 0.346775
35 14.8872 0.336876
36 14.8055 0.337269
37 14.8307 0.329093
38 14.8272 0.320451
39 14.8518 0.313173
40 14.8194 0.307016
41 14.7671 0.303947
42 14.7671 0.296711
43 14.7082 0.295605
44 14.6409 0.296436
45 14.67 0.291274
46 14.6305 0.287606
47 14.691 0.287768
48 14.7164 0.28289
49 14.7753 0.283194
50 14.7952 0.278224
51 14.915 0.297459
52 14.9283 0.292036
53 14.9375 0.286671
54 14.9154 0.282214
55 14.93 0.277462
56 14.9446 0.272888
57 14.9621 0.26866
58 14.9542 0.264142
59 14.9652 0.259894
60 14.9618 0.255585
61 14.9443 0.251997
62 14.9228 0.248843
63 14.9424 0.245662
64 14.9838 0.245285
65 14.9734 0.241732
66 14.9741 0.23807
67 14.9738 0.234517
68 15.0127 0.234278
69 15.0188 0.230962
70 15.0124 0.227753
71 15.0147 0.224557
72 15.0247 0.221663
73 15.0084 0.219225
74 14.9814 0.217927
75 14.9742 0.21514
76 14.9883 0.212774
77 14.9792 0.210207
78 14.9968 0.208255
79 15.0129 0.206239
80 15.0646 0.210034
81 15.0556 0.207632
82 15.0368 0.20595
83 15.0366 0.203469
84 15.0339 0.201064
85 15.0431 0.198908
86 15.0419 0.196598
87 15.0328 0.19455
88 15.0274 0.192414
89 15.0148 0.190662
90 14.9653 0.194866
91 15.0097 0.197703
92 14.986 0.196962
93 15.004 0.195664
94 15.012 0.193743
95 15.0019 0.191964
96 15.059 0.198283
97 15.0335 0.197882
98 15.0291 0.195911
99 15.0133 0.194566
100 14.98 0.195448
