1 11.4354 0
2 13.5522 1.49681
3 14.5863 1.30715
4 14.8049 0.998484
5 15.2544 0.894256
6 14.9103 0.808713
7 14.7031 0.719246
8 14.6167 0.634499
9 14.2442 0.6644
10 14.3881 0.613329
11 14.6432 0.608322
12 14.7943 0.576085
13 14.6467 0.550338
14 14.5637 0.517255
15 14.4211 0.50205
16 14.4064 0.470886
17 14.7382 0.547756
18 14.7541 0.517555
19 14.7278 0.490984
20 14.749 0.466892
21 14.7586 0.444758
22 14.6692 0.433434
23 14.7098 0.416483
24 14.6763 0.400472
25 14.6821 0.384495
26 14.6597 0.370357
27 14.755 0.368704
28 14.7492 0.355582
29 14.7451 0.343344
30 14.6637 0.341407
31 14.7108 0.333625
32 14.6571 0.327489
33 14.663 0.317619
34 14.6552 0.308373
35 14.6326 0.300393
36 14.6038 0.293419
37 14.5801 0.286451
38 14.5736 0.278985
39 14.5554 0.272424
40 14.5541 0.265617
41 14.5132 0.262266
42 14.5018 0.256269
43 14.4691 0.252394
44 14.5675 0.265176
45 14.5283 0.262175
46 14.4883 0.259506
47 14.5323 0.257692
48 14.5624 0.254069
49 14.5483 0.249276
50 14.5459 0.244302
51 14.5793 0.241783
52 14.587 0.237259
53 14.663 0.244641
54 14.6794 0.240656
55 14.7222 0.240058
56 14.7688 0.240259
57 14.777 0.236183
58 14.767 0.232325
59 14.7952 0.230098
60 14.783 0.226589
61 14.7678 0.22338
62 14.804 0.222687
63 14.7559 0.224296
64 14.7868 0.222911
65 14.8012 0.219951
66 14.8444 0.220804
67 14.8665 0.21862
68 14.8729 0.215497
69 14.8681 0.212427
70 14.8169 0.215465
71 14.8715 0.219233
72 14.8658 0.216264
73 14.8523 0.213723
74 14.9025 0.216659
75 14.9823 0.228003
76 14.9727 0.225206
77 14.9632 0.22248
78 15.0116 0.224828
79 15.0202 0.222145
80 15.0096 0.219623
81 15.0359 0.218484
82 15.0601 0.217151
83 15.0714 0.214828
84 15.1011 0.214323
85 15.0747 0.213424
86 15.0697 0.211001
87 15.048 0.209691
88 15.0861 0.21074
89 15.0903 0.208414
90 15.0818 0.206269
91 15.0697 0.204356
92 15.0757 0.202221
93 15.0784 0.200065
94 15.0475 0.200301
95 15.0319 0.198798
96 15.011 0.197828
97 14.9966 0.196308
98 15.0128 0.194968
99 14.9616 0.199591
100 14.9742 0.19799
