1 4.03962 0
2 4.2909 0.17768
3 4.41662 0.156741
4 4.89335 0.429274
5 4.91566 0.343999
6 5.06424 0.317134
7 5.12915 0.278393
8 5.26285 0.273821
9 5.32893 0.251243
10 5.2805 0.230738
11 5.42047 0.248617
12 5.38085 0.231033
13 5.35165 0.2151
14 5.40045 0.205198
15 5.46945 0.202788
16 5.40421 0.200335
17 5.40021 0.18859
18 5.43272 0.180894
19 5.39747 0.174775
20 5.2874 0.197681
21 5.26695 0.189322
22 5.23808 0.182905
23 5.25556 0.175786
24 5.2791 0.17003
25 5.30833 0.165723
26 5.29383 0.159983
27 5.2538 0.158986
28 5.24761 0.153428
29 5.22494 0.149804
30 5.23494 0.145144
31 5.23308 0.140474
32 5.30486 0.153328
33 5.26485 0.153812
34 5.28832 0.151068
35 5.33404 0.153514
36 5.27824 0.159068
37 5.26972 0.154997
38 5.25702 0.151438
39 5.28926 0.150948
40 5.29489 0.147279
41 5.27521 0.144996
42 5.26308 0.14205
43 5.28118 0.139895
44 5.23067 0.145548
45 5.24491 0.143008
46 5.30114 0.150552
47 5.3113 0.147691
48 5.32412 0.145169
49 5.30596 0.143336
50 5.27942 0.142907
51 5.26945 0.140451
52 5.28966 0.139196
53 5.3009 0.137023
54 5.29261 0.134735
55 5.32445 0.135995
56 5.33386 0.133892
57 5.34058 0.131711
58 5.3325 0.129688
59 5.31505 0.128658
60 5.35016 0.131217
61 5.35408 0.129124
62 5.34876 0.127151
63 5.37239 0.127311
64 5.36138 0.125797
65 5.38626 0.126298
66 5.39195 0.124512
67 5.41201 0.12426
68 5.42915 0.123609
69 5.42782 0.121825
70 5.42757 0.120085
71 5.44434 0.119559
72 5.43526 0.118242
73 5.42518 0.117051
74 5.39971 0.118208
75 5.40547 0.116772
76 5.40636 0.115239
77 5.3942 0.114383
78 5.42382 0.11669
79 5.41079 0.115938
80 5.42142 0.114976
81 5.41303 0.113862
82 5.42941 0.113645
83 5.42413 0.112398
84 5.4198 0.111143
85 5.41173 0.110129
86 5.42198 0.109325
87 5.41001 0.108722
88 5.41567 0.107634
89 5.40114 0.1074
90 5.42006 0.107861
91 5.42023 0.106676
92 5.40234 0.107006
93 5.3935 0.10622
94 5.40433 0.10564
95 5.39448 0.104986
96 5.40115 0.104104
97 5.40813 0.103264
98 5.4214 0.103061
99 5.43442 0.102839
100 5.43216 0.101835
