1 1.50778 0
2 1.47351 0.0242326
3 1.4939 0.0231942
4 1.48352 0.0195798
5 1.47783 0.0164695
6 1.47868 0.0137464
7 1.49831 0.0216574
8 1.49767 0.0189596
9 1.49453 0.0171119
10 1.5014 0.0167243
11 1.50182 0.0152092
12 1.50192 0.0139421
13 1.50408 0.0130348
14 1.5014 0.0123766
15 1.50046 0.0115868
16 1.50251 0.0110422
17 1.50132 0.0104559
18 1.5049 0.0104688
19 1.50711 0.0101483
20 1.50614 0.00968723
21 1.50663 0.00923848
22 1.50513 0.00894032
23 1.50343 0.00871125
24 1.5005 0.00882619
25 1.49984 0.00849799
26 1.50026 0.00818168
27 1.49889 0.00799378
28 1.49771 0.00779387
29 1.4972 0.00754223
30 1.49436 0.00780529
31 1.49478 0.00756462
32 1.49494 0.0073299
33 1.49672 0.00732197
34 1.4953 0.00724375
35 1.49528 0.00703681
36 1.49396 0.00696401
37 1.49612 0.00710102
38 1.49644 0.00692133
39 1.4965 0.00674419
40 1.49633 0.00657787
41 1.49608 0.00642197
42 1.49573 0.00627903
43 1.4959 0.0061354
44 1.49504 0.00605559
45 1.49689 0.00619784
46 1.49698 0.00606378
47 1.49665 0.00594399
48 1.49646 0.00582333
49 1.49632 0.00570618
50 1.49495 0.00575347
51 1.49493 0.00564069
52 1.49618 0.00567029
53 1.49573 0.00558177
54 1.49542 0.00548687
55 1.49565 0.00539181
56 1.49581 0.00529805
57 1.49576 0.0052053
58 1.4951 0.00515762
59 1.49494 0.00507279
60 1.49623 0.00514907
61 1.49575 0.00508689
62 1.49535 0.00502057
63 1.4959 0.00497175
64 1.4955 0.00491072
65 1.49545 0.00483538
66 1.49602 0.00479508
67 1.49606 0.00472368
68 1.49632 0.00466131
69 1.49708 0.0046556
70 1.49746 0.00460505
71 1.49701 0.00456243
72 1.49618 0.00457367
73 1.49668 0.0045381
74 1.49719 0.00450554
75 1.49762 0.00446601
76 1.49797 0.00442091
77 1.49817 0.00436769
78 1.49795 0.00431716
79 1.49828 0.00427516
80 1.49799 0.00423134
81 1.49799 0.0041791
82 1.49735 0.00417742
83 1.49676 0.00416825
84 1.49775 0.0042358
85 1.49884 0.00432222
86 1.49903 0.00427615
87 1.49823 0.00430029
88 1.49846 0.00425767
89 1.49862 0.00421285
90 1.4992 0.00420456
91 1.4997 0.00418854
92 1.4997 0.00414301
93 1.49982 0.00410019
94 1.50004 0.00406238
95 1.50017 0.00402179
96 1.49991 0.00398846
97 1.49943 0.00397647
98 1.49973 0.00394773
99 1.49986 0.00390996
100 1.49941 0.00389636
