1 1.52641 0
2 1.5322 0.00409205
3 1.53959 0.00662255
4 1.52235 0.0157378
5 1.51115 0.016087
6 1.51292 0.0135031
7 1.51135 0.0116656
8 1.51748 0.0117062
9 1.5144 0.0108029
10 1.51217 0.00994928
11 1.50988 0.00930581
12 1.50491 0.00976403
13 1.50418 0.0090407
14 1.50054 0.00909649
15 1.49823 0.00877976
16 1.50161 0.00885911
17 1.49859 0.00883686
18 1.4968 0.00852582
19 1.49866 0.00827855
20 1.49617 0.00823298
21 1.49862 0.00819853
22 1.49881 0.00782802
23 1.49948 0.00751639
24 1.50017 0.0072346
25 1.50221 0.00722844
26 1.50482 0.007407
27 1.50693 0.00742741
28 1.50678 0.0071638
29 1.50527 0.00707298
30 1.50466 0.00686397
31 1.50686 0.00698595
32 1.50649 0.0067771
33 1.50647 0.00657176
34 1.5055 0.00644924
35 1.50512 0.00627633
36 1.50517 0.00610215
37 1.5054 0.00594173
38 1.50314 0.00620205
39 1.50481 0.00626361
40 1.50323 0.00630238
41 1.50351 0.00615504
42 1.50433 0.00606311
43 1.50299 0.00607035
44 1.50326 0.00593855
45 1.50419 0.00587905
46 1.50427 0.00575178
47 1.50404 0.00563374
48 1.50479 0.00556604
49 1.50349 0.00560385
50 1.50267 0.00555169
51 1.50367 0.00553294
52 1.50404 0.00543888
53 1.50373 0.00534495
54 1.5045 0.00530053
55 1.50361 0.00527822
56 1.5037 0.00518485
57 1.50333 0.00510774
58 1.50226 0.00512862
59 1.50147 0.00510314
60 1.50151 0.00501822
61 1.50182 0.0049456
62 1.50152 0.004875
63 1.50067 0.00487043
64 1.50142 0.00485161
65 1.50034 0.0048954
66 1.50099 0.00486412
67 1.50111 0.00479308
68 1.50104 0.00472317
69 1.50154 0.0046808
70 1.50056 0.0047157
71 1.50121 0.00469489
72 1.50105 0.00463239
73 1.50105 0.00456893
74 1.50087 0.00451076
75 1.50078 0.00445143
76 1.50039 0.00440988
77 1.50062 0.00435842
78 1.50083 0.00430789
79 1.50051 0.00426553
80 1.50014 0.00422795
81 1.49954 0.00421788
82 1.50003 0.00419427
83 1.50044 0.00416414
84 1.5005 0.00411489
85 1.50027 0.00407253
86 1.50051 0.00403211
87 1.50098 0.00401274
88 1.50153 0.0040044
89 1.50122 0.00397116
90 1.50122 0.00392704
91 1.50138 0.00388705
92 1.50133 0.00384516
93 1.50155 0.00381027
94 1.50155 0.00376974
95 1.50263 0.00388173
96 1.50325 0.00389021
97 1.50348 0.0038568
98 1.50312 0.00383449
99 1.50367 0.00383508
100 1.50345 0.0038031
