1 5.04292 0
2 5.06799 0.017731
3 5.0706 0.0120107
4 5.04629 0.0229008
5 5.01062 0.0367866
6 4.96169 0.0541789
7 4.96942 0.0469876
8 4.99573 0.047916
9 4.99345 0.0426461
10 4.9918 0.0384135
11 4.99312 0.0349442
12 4.98428 0.0331307
13 4.98646 0.0306537
14 4.9745 0.0307103
15 4.96887 0.0291734
16 4.96406 0.0277439
17 4.96816 0.0264125
18 4.97511 0.025844
19 4.97556 0.0244878
20 4.98082 0.02382
21 4.9779 0.022864
22 4.98151 0.0221086
23 4.98914 0.0224245
24 4.98423 0.0220205
25 4.98687 0.0212978
26 4.98374 0.0207084
27 4.98725 0.0202367
28 4.98577 0.0195677
29 4.98402 0.0189711
30 4.9836 0.0183434
31 4.98433 0.0177663
32 4.98488 0.0172195
33 4.98665 0.0167886
34 4.9919 0.0170966
35 4.9927 0.0166265
36 4.99236 0.0161681
37 4.9919 0.0157378
38 4.98955 0.0154968
39 4.98981 0.0151015
40 4.9848 0.0155322
41 4.98306 0.0152508
42 4.98626 0.0152207
43 4.98724 0.014898
44 4.99041 0.0148933
45 4.99315 0.0148111
46 4.99828 0.0153533
47 4.99493 0.0153889
48 4.99679 0.015181
49 4.99579 0.0149042
50 4.99579 0.0146061
51 4.99629 0.0143283
52 4.99491 0.0141192
53 4.99439 0.0138623
54 4.99378 0.0136192
55 4.99261 0.0134215
56 4.99672 0.0137958
57 4.99371 0.0138784
58 4.99359 0.0136395
59 4.99312 0.0134166
60 4.99307 0.013193
61 4.99331 0.0129789
62 4.99364 0.0127739
63 4.99129 0.0127865
64 4.99104 0.012589
65 4.99126 0.0123971
66 4.98952 0.0123305
67 4.98976 0.0121488
68 4.99099 0.0120326
69 4.99042 0.0118719
70 4.99258 0.0118981
71 4.99345 0.0117621
72 4.99123 0.0118063
73 4.99137 0.0116454
74 4.99122 0.0114891
75 4.99141 0.0113374
76 4.99199 0.0112031
77 4.9921 0.0110582
78 4.99155 0.0109303
79 4.9939 0.0110424
80 4.99271 0.0109686
81 4.99304 0.0108381
82 4.99529 0.0109374
83 4.9956 0.0108101
84 4.99511 0.0106925
85 4.99504 0.0105669
86 4.99449 0.0104586
87 4.99542 0.01038
88 4.99684 0.0103579
89 4.9973 0.0102521
90 4.99921 0.0103144
91 5.00029 0.0102566
92 4.99991 0.0101521
93 5.00209 0.010275
94 5.00334 0.0102419
95 5.0043 0.0101789
96 5.00483 0.0100865
97 5.0046 0.00998517
98 5.0037 0.00992351
99 5.00485 0.00989021
100 5.00474 0.00979201
