1 5.17525 0
2 5.07357 0.0718949
3 5.00947 0.0709706
4 5.01165 0.0532614
5 5.0361 0.0478949
6 5.0037 0.0496775
7 5.01377 0.0435902
8 5.02881 0.0406529
9 5.0129 0.0391241
10 4.99443 0.0393323
11 4.99284 0.0357888
12 4.98135 0.0346007
13 4.99023 0.0330582
14 4.98854 0.0307398
15 4.98286 0.0292106
16 4.98489 0.0274548
17 4.98625 0.0258739
18 4.99612 0.02625
19 5.00008 0.0251654
20 5.00337 0.024121
21 5.00329 0.0229725
22 5.01002 0.0228954
23 5.01129 0.0219351
24 5.01496 0.0213256
25 5.0216 0.0214815
26 5.01881 0.0208357
27 5.02023 0.0201122
28 5.01808 0.0195082
29 5.0199 0.0189195
30 5.01277 0.0195843
31 5.01582 0.0191884
32 5.00835 0.0199887
33 5.00516 0.0196358
34 5.00536 0.0190593
35 5.0051 0.0185164
36 5.00387 0.0180428
37 5.00235 0.0176194
38 5.00372 0.017209
39 5.00426 0.0167763
40 5.00931 0.0170995
41 5.00654 0.0169059
42 5.00544 0.016539
43 5.00553 0.0161546
44 5.00632 0.0158067
45 5.01064 0.0160367
46 5.01019 0.0156944
47 5.00868 0.015433
48 5.00672 0.0152355
49 5.00523 0.0149972
50 5.00371 0.0147745
51 5.00155 0.0146417
52 5.00128 0.0143625
53 5.00101 0.0140941
54 5.00087 0.0138338
55 5.00439 0.0140244
56 5.00905 0.0145275
57 5.00731 0.0143766
58 5.00479 0.0143473
59 5.00671 0.0142318
60 5.00806 0.0140579
61 5.0092 0.0138736
62 5.00862 0.0136618
63 5.00906 0.0134519
64 5.0124 0.0136509
65 5.00955 0.0137344
66 5.0088 0.0135467
67 5.00919 0.0133502
68 5.00682 0.0133637
69 5.00846 0.0132709
70 5.00655 0.0132189
71 5.00601 0.0130434
72 5.00495 0.0129056
73 5.00348 0.0128125
74 5.00531 0.0127697
75 5.00583 0.01261
76 5.00645 0.0124592
77 5.00589 0.01231
78 5.00498 0.0121857
79 5.0058 0.0120592
80 5.00545 0.0119135
81 5.00786 0.0120072
82 5.00739 0.0118698
83 5.00555 0.0118696
84 5.00711 0.0118309
85 5.00917 0.0118695
86 5.0101 0.0117683
87 5.00909 0.0116767
88 5.00968 0.0115591
89 5.00998 0.0114331
90 5.00921 0.011332
91 5.00832 0.0112423
92 5.00855 0.0111224
93 5.00896 0.0110104
94 5.00644 0.011179
95 5.00651 0.0110616
96 5.0056 0.0109835
97 5.00551 0.0108706
98 5.00477 0.0107845
99 5.00376 0.0107228
100 5.00374 0.0106156
