-3 0 0
-2.97 1e-05 9.94987e-06
-2.94 0 0
-2.91 0 0
-2.88 0 0
-2.85 1e-05 7.38617e-06
-2.82 2e-05 1.23108e-05
-2.79 1e-05 7.38617e-06
-2.76 6.66667e-06 4.66667e-06
-2.73 1e-05 7.38617e-06
-2.7 6e-05 2.64071e-05
-2.67 6.66667e-05 2.4037e-05
-2.64 8e-05 2.83314e-05
-2.61 0.000136667 4.73978e-05
-2.58 6.33333e-05 2.03825e-05
-2.55 0.00015 3.9826e-05
-2.52 0.000153333 3.44545e-05
-2.49 0.00019 3.86595e-05
-2.46 0.000223333 4.94537e-05
-2.43 0.000376667 6.35356e-05
-2.4 0.00052 8.01831e-05
-2.37 0.000613333 7.44938e-05
-2.34 0.000766667 7.85281e-05
-2.31 0.00103 8.57768e-05
-2.28 0.00126667 9.6148e-05
-2.25 0.00157333 0.000123835
-2.22 0.00211667 0.000137951
-2.19 0.0024 0.000168193
-2.16 0.00328 0.000184253
-2.13 0.00403333 0.000203715
-2.1 0.00474667 0.000217926
-2.07 0.00607333 0.000241917
-2.04 0.00714333 0.000259198
-2.01 0.00862333 0.000302642
-1.98 0.0102133 0.000312997
-1.95 0.0123733 0.000310851
-1.92 0.01537 0.000373984
-1.89 0.01788 0.000385819
-1.86 0.02203 0.000453728
-1.83 0.0248367 0.000517569
-1.8 0.0297233 0.000546607
-1.77 0.0348 0.000507543
-1.74 0.0405033 0.0006102
-1.71 0.04531 0.000606213
-1.68 0.0529767 0.000745822
-1.65 0.0609133 0.000721181
-1.62 0.06941 0.000897006
-1.59 0.0800433 0.000946158
-1.56 0.0900233 0.000907797
-1.53 0.100257 0.000887704
-1.5 0.112493 0.00107615
-1.47 0.125247 0.00100613
-1.44 0.136477 0.0011825
-1.41 0.15303 0.00120944
-1.38 0.166023 0.00117102
-1.35 0.181243 0.00130995
-1.32 0.198047 0.00128312
-1.29 0.2153 0.00127347
-1.26 0.231867 0.00134
-1.23 0.250327 0.0012017
-1.2 0.263887 0.00130466
-1.17 0.281403 0.0015451
-1.14 0.300937 0.00173873
-1.11 0.313073 0.00172878
-1.08 0.33188 0.0016005
-1.05 0.343617 0.00173758
-1.02 0.35634 0.00161495
-0.99 0.372353 0.00191465
-0.96 0.379793 0.00179395
-0.93 0.392217 0.00187265
-0.9 0.402533 0.00203146
-0.87 0.406467 0.00216608
-0.84 0.41555 0.00209715
-0.81 0.417943 0.00208558
-0.78 0.415313 0.00218563
-0.75 0.418503 0.00208983
-0.72 0.41836 0.00212895
-0.69 0.414607 0.00206113
-0.66 0.415403 0.00218964
-0.63 0.413057 0.00216753
-0.6 0.405433 0.00199812
-0.57 0.3976 0.00204332
-0.54 0.38984 0.00205389
-0.51 0.383733 0.0019472
-0.48 0.372307 0.00214357
-0.45 0.365443 0.0017945
-0.42 0.35728 0.0018996
-0.39 0.346737 0.0016792
-0.36 0.33997 0.00178132
-0.33 0.330013 0.00162417
-0.3 0.324617 0.00189728
-0.27 0.317097 0.001329
-0.24 0.308263 0.00152683
-0.21 0.303217 0.00157057
-0.18 0.296493 0.00148738
-0.15 0.29251 0.00156691
-0.12 0.288877 0.00157641
-0.09 0.289587 0.00163314
-0.06 0.283203 0.00153714
-0.03 0.284227 0.00168125
0 0.285627 0.0015587
0.03 0.284613 0.00142063
0.06 0.285817 0.00162532
0.09 0.29006 0.00136741
0.12 0.2948 0.00163983
0.15 0.295567 0.00149159
0.18 0.302027 0.00169045
0.21 0.309927 0.00182739
0.24 0.315353 0.0016642
0.27 0.324913 0.00165786
0.3 0.330183 0.00160988
0.33 0.33885 0.00161267
0.36 0.350453 0.00189944
0.39 0.355147 0.00182935
0.42 0.36583 0.00193096
0.45 0.374317 0.0018281
0.48 0.379763 0.00202038
0.51 0.387613 0.00196353
0.54 0.39454 0.00191544
0.57 0.4058 0.00188503
0.6 0.409893 0.00207651
0.63 0.41435 0.00229902
0.66 0.416393 0.00196723
0.69 0.420133 0.00225195
0.72 0.42068 0.00207387
0.75 0.415763 0.00236974
0.78 0.41583 0.00217056
0.81 0.412817 0.00209272
0.84 0.4078 0.00221618
0.87 0.397453 0.00201932
0.9 0.392467 0.00211021
0.93 0.38003 0.00188496
0.96 0.368103 0.00207434
0.99 0.359333 0.00199613
1.02 0.344627 0.00174308
1.05 0.32949 0.00166919
1.08 0.313413 0.00168949
1.11 0.298787 0.00197581
1.14 0.28235 0.00154705
1.17 0.26633 0.00158971
1.2 0.250437 0.00179422
1.23 0.23057 0.00135673
1.26 0.214703 0.00148805
1.29 0.199837 0.0013596
1.32 0.183183 0.00128351
1.35 0.168197 0.00128306
1.38 0.152957 0.00119461
1.41 0.139927 0.000981332
1.44 0.1249 0.00102709
1.47 0.1134 0.00109316
1.5 0.100977 0.000991601
1.53 0.08805 0.000945767
1.56 0.078 0.000877129
1.59 0.0692933 0.000878082
1.62 0.0601833 0.000707976
1.65 0.0514867 0.00066714
1.68 0.04509 0.000618957
1.71 0.0399233 0.000572904
1.74 0.0354567 0.000598659
1.77 0.0283067 0.000492875
1.8 0.02613 0.000494927
1.83 0.0210967 0.000454393
1.86 0.0177133 0.000363655
1.89 0.01526 0.000363305
1.92 0.01264 0.000335714
1.95 0.01065 0.000290225
1.98 0.00872667 0.000324187
2.01 0.00723667 0.000243689
2.04 0.00599333 0.00023276
2.07 0.00475667 0.000191883
2.1 0.00402 0.000201098
2.13 0.00327667 0.00016269
2.16 0.00247667 0.000158833
2.19 0.00211667 0.00014624
2.22 0.00151 0.000124406
2.25 0.00114333 9.84609e-05
2.28 0.000986667 0.000101535
2.31 0.000883333 9.42072e-05
2.34 0.000623333 6.87435e-05
2.37 0.000353333 6.19713e-05
2.4 0.000346667 4.96476e-05
2.43 0.000253333 4.27187e-05
2.46 0.000266667 4.8074e-05
2.49 0.000233333 5.28099e-05
2.52 8.33333e-05 2.17945e-05
2.55 4.66667e-05 1.8868e-05
2.58 4.33333e-05 1.67697e-05
2.61 9e-05 3.01312e-05
2.64 3.33333e-05 1.79505e-05
2.67 3.33333e-06 3.31662e-06
2.7 1e-05 7.38617e-06
2.73 2e-05 1.4e-05
2.76 1e-05 9.94987e-06
2.79 2.33333e-05 1.5096e-05
2.82 0 0
2.85 0 0
2.88 0 0
2.91 3.33333e-06 3.31662e-06
2.94 0 0
2.97 0 0
