100 -0.445713 0
200 -0.446219 0.000357612
300 -0.444588 0.00135242
400 -0.444783 0.00102824
500 -0.445016 0.000848549
600 -0.445047 0.000707706
700 -0.44529 0.00064698
800 -0.445642 0.000654654
900 -0.445986 0.000666477
1000 -0.445724 0.000649377
1100 -0.445414 0.000660115
1200 -0.445228 0.000630933
1300 -0.445223 0.000582422
1400 -0.444928 0.000610894
1500 -0.445106 0.000595546
1600 -0.444944 0.00057994
1700 -0.445039 0.00055366
1800 -0.444993 0.000524818
1900 -0.445259 0.000560269
2000 -0.444954 0.000609464
2100 -0.444985 0.000581252
2200 -0.444865 0.000567115
2300 -0.444751 0.000553856
2400 -0.44476 0.000530852
2500 -0.44465 0.000520831
2600 -0.444695 0.00050269
2700 -0.444612 0.000490816
2800 -0.444692 0.000479677
2900 -0.444695 0.000463147
3000 -0.444684 0.000447839
3100 -0.444786 0.000444837
3200 -0.444696 0.000439922
3300 -0.444734 0.000428262
3400 -0.444624 0.000429734
3500 -0.444547 0.000424152
3600 -0.444453 0.000422667
3700 -0.444455 0.000411248
3800 -0.444394 0.000404979
3900 -0.444433 0.000396464
4000 -0.444382 0.000389856
4100 -0.44446 0.000388156
4200 -0.44445 0.00037904
4300 -0.444463 0.000370442
4400 -0.444529 0.000367889
4500 -0.444525 0.000359738
4600 -0.444487 0.000353902
4700 -0.444517 0.000347598
4800 -0.444537 0.000340938
4900 -0.444482 0.000338329
5000 -0.444523 0.000333978
5100 -0.444544 0.000328115
5200 -0.444668 0.000344296
5300 -0.444722 0.000342054
5400 -0.44476 0.000337776
5500 -0.444724 0.000333492
5600 -0.444748 0.000328423
5700 -0.444674 0.000330958
5800 -0.444671 0.000325262
5900 -0.444637 0.000321594
6000 -0.44461 0.000317329
6100 -0.444613 0.00031214
6200 -0.444627 0.000307417
6300 -0.444616 0.00030275
6400 -0.444605 0.000298217
6500 -0.444634 0.000295097
6600 -0.444606 0.000291998
6700 -0.444538 0.000295461
6800 -0.44452 0.000291644
6900 -0.444533 0.000287718
7000 -0.444512 0.00028443
7100 -0.444484 0.000281754
7200 -0.444459 0.000278986
7300 -0.444494 0.000277395
7400 -0.444492 0.000273651
7500 -0.44445 0.000273201
7600 -0.444408 0.000272835
7700 -0.444392 0.000269756
7800 -0.444409 0.0002668
7900 -0.444399 0.000263585
8000 -0.444387 0.00026058
8100 -0.444433 0.000261391
8200 -0.444438 0.000258247
8300 -0.444454 0.000255633
8400 -0.44441 0.000256288
8500 -0.44441 0.000253273
8600 -0.444445 0.000252704
8700 -0.444414 0.000251666
8800 -0.444399 0.000249264
8900 -0.444377 0.000247416
9000 -0.444369 0.000244788
9100 -0.444415 0.000246351
9200 -0.44444 0.000244908
9300 -0.444417 0.000243348
9400 -0.444386 0.000242668
9500 -0.444363 0.00024123
9600 -0.444376 0.000239093
9700 -0.444385 0.000236791
9800 -0.444373 0.000234667
9900 -0.444369 0.000232334
10000 -0.444339 0.000231934
