0.75 0.55 -0.398656
0.775 0.55 -0.403063
0.8 0.55 -0.403252
0.825 0.55 -0.398827
0.75 0.5625 -0.411471
0.775 0.5625 -0.417398
0.8 0.5625 -0.418534
0.825 0.5625 -0.415125
0.75 0.575 -0.421971
0.775 0.575 -0.428321
0.8 0.575 -0.430235
0.825 0.575 -0.427419
0.75 0.5875 -0.42923
0.775 0.5875 -0.43547
0.8 0.5875 -0.437876
0.825 0.5875 -0.435387
0.75 0.6 -0.43252
0.775 0.6 -0.439463
0.8 0.6 -0.442651
0.825 0.6 -0.439504
0.75 0.6125 -0.435483
0.775 0.6125 -0.441758
0.8 0.6125 -0.444236
0.825 0.6125 -0.441522
0.75 0.625 -0.435039
0.775 0.625 -0.441415
0.8 0.625 -0.443902
0.825 0.625 -0.440947
0.75 0.6375 -0.433494
0.775 0.6375 -0.439421
0.8 0.6375 -0.441056
0.825 0.6375 -0.438598
0.75 0.65 -0.429822
0.775 0.65 -0.435116
0.8 0.65 -0.43621
0.825 0.65 -0.432952
